<?xml version="1.0" encoding="UTF-8"?>
<!-- Generated by org.testng.reporters.JUnitReportReporter -->
<testsuite hostname="DESKTOP-NU8AUC0" failures="0" tests="1" name="SeleniumTestFramework.SeleniumTestFramework.NewTest" time="18.213" errors="0" timestamp="2021-06-19T18:14:33 IST" skipped="0">
  <testcase classname="SeleniumTestFramework.SeleniumTestFramework.NewTest" name="testDemo" time="18.213"/>
  <system-out/>
</testsuite> <!-- SeleniumTestFramework.SeleniumTestFramework.NewTest -->
