<?xml version="1.0" encoding="UTF-8"?>
<!-- Generated by org.testng.reporters.JUnitReportReporter -->
<testsuite hostname="DESKTOP-NU8AUC0" failures="0" tests="1" name="com.selenium.testscript.NewTest" time="2.569" errors="0" timestamp="2021-06-19T19:32:01 IST" skipped="0">
  <testcase classname="com.selenium.testscript.NewTest" name="testDemo" time="2.569"/>
  <system-out/>
</testsuite> <!-- com.selenium.testscript.NewTest -->
